# JRE version: OpenJDK Runtime Environment Temurin-21.0.10+7 (21.0.10+7) (build 21.0.10+7-LTS)
# Java VM: OpenJDK 64-Bit Server VM Temurin-21.0.10+7 (21.0.10+7-LTS, mixed mode, sharing, tiered, compressed oops, compressed class ptrs, parallel gc, windows-amd64)
GC Precious Log:
 CardTable entry size: 512
 CPUs: 12 total, 12 available
 Memory: 7542M
 Large Page Support: Disabled
 NUMA Support: Disabled
 Compressed Oops: Enabled (32-bit)
 Alignments: Space 512K, Generation 512K, Heap 2M
 Heap Min Capacity: 100M
 Heap Initial Capacity: 100M
 Heap Max Capacity: 2G
 Pre-touch: Disabled
 Parallel Workers: 10
Heap:
 PSYoungGen      total 10240K, used 1987K [0x00000000d5580000, 0x00000000d6380000, 0x0000000100000000)
  eden space 9216K, 13% used [0x00000000d5580000,0x00000000d56b0f88,0x00000000d5e80000)
  from space 1024K, 75% used [0x00000000d6280000,0x00000000d6340000,0x00000000d6380000)
  to   space 1536K, 0% used [0x00000000d6080000,0x00000000d6080000,0x00000000d6200000)
 ParOldGen       total 684032K, used 548513K [0x0000000080000000, 0x00000000a9c00000, 0x00000000d5580000)
  object space 684032K, 80% used [0x0000000080000000,0x00000000a17a8500,0x00000000a9c00000)
 Metaspace       used 86092K, committed 87872K, reserved 1179648K
  class space    used 8901K, committed 9728K, reserved 1048576K
GC Heap History (20 events):
Event: 927.649 GC heap before
{Heap before GC invocations=1629 (full 4):
 PSYoungGen      total 4608K, used 4362K [0x00000000d5580000, 0x00000000d5c00000, 0x0000000100000000)
  eden space 4096K, 98% used [0x00000000d5580000,0x00000000d5972850,0x00000000d5980000)
  from space 512K, 62% used [0x00000000d5b80000,0x00000000d5bd0000,0x00000000d5c00000)
  to   space 512K, 0% used [0x00000000d5980000,0x00000000d5980000,0x00000000d5a00000)
 ParOldGen       total 684032K, used 539802K [0x0000000080000000, 0x00000000a9c00000, 0x00000000d5580000)
  object space 684032K, 78% used [0x0000000080000000,0x00000000a0f268c0,0x00000000a9c00000)
 Metaspace       used 86016K, committed 87744K, reserved 1179648K
  class space    used 8901K, committed 9728K, reserved 1048576K
}
Event: 927.665 GC heap after
{Heap after GC invocations=1629 (full 4):
 PSYoungGen      total 4608K, used 320K [0x00000000d5580000, 0x00000000d5c00000, 0x0000000100000000)
  eden space 4096K, 0% used [0x00000000d5580000,0x00000000d5580000,0x00000000d5980000)
  from space 512K, 62% used [0x00000000d5980000,0x00000000d59d0000,0x00000000d5a00000)
  to   space 512K, 0% used [0x00000000d5b80000,0x00000000d5b80000,0x00000000d5c00000)
 ParOldGen       total 684032K, used 542858K [0x0000000080000000, 0x00000000a9c00000, 0x00000000d5580000)
  object space 684032K, 79% used [0x0000000080000000,0x00000000a1222b50,0x00000000a9c00000)
 Metaspace       used 86016K, committed 87744K, reserved 1179648K
  class space    used 8901K, committed 9728K, reserved 1048576K
}
Event: 927.671 GC heap before
{Heap before GC invocations=1630 (full 4):
 PSYoungGen      total 4608K, used 4416K [0x00000000d5580000, 0x00000000d5c00000, 0x0000000100000000)
  eden space 4096K, 100% used [0x00000000d5580000,0x00000000d5980000,0x00000000d5980000)
  from space 512K, 62% used [0x00000000d5980000,0x00000000d59d0000,0x00000000d5a00000)
  to   space 512K, 0% used [0x00000000d5b80000,0x00000000d5b80000,0x00000000d5c00000)
 ParOldGen       total 684032K, used 542858K [0x0000000080000000, 0x00000000a9c00000, 0x00000000d5580000)
  object space 684032K, 79% used [0x0000000080000000,0x00000000a1222b50,0x00000000a9c00000)
 Metaspace       used 86016K, committed 87744K, reserved 1179648K
  class space    used 8901K, committed 9728K, reserved 1048576K
}
Event: 927.674 GC heap after
{Heap after GC invocations=1630 (full 4):
 PSYoungGen      total 4608K, used 504K [0x00000000d5580000, 0x00000000d5e80000, 0x0000000100000000)
  eden space 4096K, 0% used [0x00000000d5580000,0x00000000d5580000,0x00000000d5980000)
  from space 512K, 98% used [0x00000000d5b80000,0x00000000d5bfe1a8,0x00000000d5c00000)
  to   space 2048K, 0% used [0x00000000d5980000,0x00000000d5980000,0x00000000d5b80000)
 ParOldGen       total 684032K, used 543757K [0x0000000080000000, 0x00000000a9c00000, 0x00000000d5580000)
  object space 684032K, 79% used [0x0000000080000000,0x00000000a1303580,0x00000000a9c00000)
 Metaspace       used 86016K, committed 87744K, reserved 1179648K
  class space    used 8901K, committed 9728K, reserved 1048576K
}
Event: 927.681 GC heap before
{Heap before GC invocations=1631 (full 4):
 PSYoungGen      total 4608K, used 3784K [0x00000000d5580000, 0x00000000d5e80000, 0x0000000100000000)
  eden space 4096K, 80% used [0x00000000d5580000,0x00000000d58b4198,0x00000000d5980000)
  from space 512K, 98% used [0x00000000d5b80000,0x00000000d5bfe1a8,0x00000000d5c00000)
  to   space 2048K, 0% used [0x00000000d5980000,0x00000000d5980000,0x00000000d5b80000)
 ParOldGen       total 684032K, used 543757K [0x0000000080000000, 0x00000000a9c00000, 0x00000000d5580000)
  object space 684032K, 79% used [0x0000000080000000,0x00000000a1303580,0x00000000a9c00000)
 Metaspace       used 86016K, committed 87744K, reserved 1179648K
  class space    used 8901K, committed 9728K, reserved 1048576K
}
Event: 927.683 GC heap after
{Heap after GC invocations=1631 (full 4):
 PSYoungGen      total 6144K, used 320K [0x00000000d5580000, 0x00000000d5c80000, 0x0000000100000000)
  eden space 4096K, 0% used [0x00000000d5580000,0x00000000d5580000,0x00000000d5980000)
  from space 2048K, 15% used [0x00000000d5980000,0x00000000d59d0000,0x00000000d5b80000)
  to   space 1024K, 0% used [0x00000000d5b80000,0x00000000d5b80000,0x00000000d5c80000)
 ParOldGen       total 684032K, used 544189K [0x0000000080000000, 0x00000000a9c00000, 0x00000000d5580000)
  object space 684032K, 79% used [0x0000000080000000,0x00000000a136f580,0x00000000a9c00000)
 Metaspace       used 86016K, committed 87744K, reserved 1179648K
  class space    used 8901K, committed 9728K, reserved 1048576K
}
Event: 927.688 GC heap before
{Heap before GC invocations=1632 (full 4):
 PSYoungGen      total 6144K, used 4416K [0x00000000d5580000, 0x00000000d5c80000, 0x0000000100000000)
  eden space 4096K, 100% used [0x00000000d5580000,0x00000000d5980000,0x00000000d5980000)
  from space 2048K, 15% used [0x00000000d5980000,0x00000000d59d0000,0x00000000d5b80000)
  to   space 1024K, 0% used [0x00000000d5b80000,0x00000000d5b80000,0x00000000d5c80000)
 ParOldGen       total 684032K, used 544189K [0x0000000080000000, 0x00000000a9c00000, 0x00000000d5580000)
  object space 684032K, 79% used [0x0000000080000000,0x00000000a136f580,0x00000000a9c00000)
 Metaspace       used 86016K, committed 87744K, reserved 1179648K
  class space    used 8901K, committed 9728K, reserved 1048576K
}
Event: 927.689 GC heap after
{Heap after GC invocations=1632 (full 4):
 PSYoungGen      total 5632K, used 288K [0x00000000d5580000, 0x00000000d5c00000, 0x0000000100000000)
  eden space 5120K, 0% used [0x00000000d5580000,0x00000000d5580000,0x00000000d5a80000)
  from space 512K, 56% used [0x00000000d5b80000,0x00000000d5bc8000,0x00000000d5c00000)
  to   space 512K, 0% used [0x00000000d5b00000,0x00000000d5b00000,0x00000000d5b80000)
 ParOldGen       total 684032K, used 544197K [0x0000000080000000, 0x00000000a9c00000, 0x00000000d5580000)
  object space 684032K, 79% used [0x0000000080000000,0x00000000a1371580,0x00000000a9c00000)
 Metaspace       used 86016K, committed 87744K, reserved 1179648K
  class space    used 8901K, committed 9728K, reserved 1048576K
}
Event: 927.694 GC heap before
{Heap before GC invocations=1633 (full 4):
 PSYoungGen      total 5632K, used 5159K [0x00000000d5580000, 0x00000000d5c00000, 0x0000000100000000)
  eden space 5120K, 95% used [0x00000000d5580000,0x00000000d5a41ec8,0x00000000d5a80000)
  from space 512K, 56% used [0x00000000d5b80000,0x00000000d5bc8000,0x00000000d5c00000)
  to   space 512K, 0% used [0x00000000d5b00000,0x00000000d5b00000,0x00000000d5b80000)
 ParOldGen       total 684032K, used 544197K [0x0000000080000000, 0x00000000a9c00000, 0x00000000d5580000)
  object space 684032K, 79% used [0x0000000080000000,0x00000000a1371580,0x00000000a9c00000)
 Metaspace       used 86016K, committed 87744K, reserved 1179648K
  class space    used 8901K, committed 9728K, reserved 1048576K
}
Event: 927.699 GC heap after
{Heap after GC invocations=1633 (full 4):
 PSYoungGen      total 6144K, used 481K [0x00000000d5580000, 0x00000000d6180000, 0x0000000100000000)
  eden space 5632K, 0% used [0x00000000d5580000,0x00000000d5580000,0x00000000d5b00000)
  from space 512K, 94% used [0x00000000d5b00000,0x00000000d5b785d8,0x00000000d5b80000)
  to   space 3072K, 0% used [0x00000000d5e80000,0x00000000d5e80000,0x00000000d6180000)
 ParOldGen       total 684032K, used 546075K [0x0000000080000000, 0x00000000a9c00000, 0x00000000d5580000)
  object space 684032K, 79% used [0x0000000080000000,0x00000000a1546c58,0x00000000a9c00000)
 Metaspace       used 86016K, committed 87744K, reserved 1179648K
  class space    used 8901K, committed 9728K, reserved 1048576K
}
Event: 927.706 GC heap before
{Heap before GC invocations=1634 (full 4):
 PSYoungGen      total 6144K, used 5442K [0x00000000d5580000, 0x00000000d6180000, 0x0000000100000000)
  eden space 5632K, 88% used [0x00000000d5580000,0x00000000d5a58420,0x00000000d5b00000)
  from space 512K, 94% used [0x00000000d5b00000,0x00000000d5b785d8,0x00000000d5b80000)
  to   space 3072K, 0% used [0x00000000d5e80000,0x00000000d5e80000,0x00000000d6180000)
 ParOldGen       total 684032K, used 546075K [0x0000000080000000, 0x00000000a9c00000, 0x00000000d5580000)
  object space 684032K, 79% used [0x0000000080000000,0x00000000a1546c58,0x00000000a9c00000)
 Metaspace       used 86017K, committed 87744K, reserved 1179648K
  class space    used 8901K, committed 9728K, reserved 1048576K
}
Event: 927.708 GC heap after
{Heap after GC invocations=1634 (full 4):
 PSYoungGen      total 8192K, used 832K [0x00000000d5580000, 0x00000000d5f80000, 0x0000000100000000)
  eden space 7168K, 0% used [0x00000000d5580000,0x00000000d5580000,0x00000000d5c80000)
  from space 1024K, 81% used [0x00000000d5e80000,0x00000000d5f50000,0x00000000d5f80000)
  to   space 1536K, 0% used [0x00000000d5c80000,0x00000000d5c80000,0x00000000d5e00000)
 ParOldGen       total 684032K, used 546251K [0x0000000080000000, 0x00000000a9c00000, 0x00000000d5580000)
  object space 684032K, 79% used [0x0000000080000000,0x00000000a1572c58,0x00000000a9c00000)
 Metaspace       used 86017K, committed 87744K, reserved 1179648K
  class space    used 8901K, committed 9728K, reserved 1048576K
}
Event: 927.719 GC heap before
{Heap before GC invocations=1635 (full 4):
 PSYoungGen      total 8192K, used 7745K [0x00000000d5580000, 0x00000000d5f80000, 0x0000000100000000)
  eden space 7168K, 96% used [0x00000000d5580000,0x00000000d5c407b8,0x00000000d5c80000)
  from space 1024K, 81% used [0x00000000d5e80000,0x00000000d5f50000,0x00000000d5f80000)
  to   space 1536K, 0% used [0x00000000d5c80000,0x00000000d5c80000,0x00000000d5e00000)
 ParOldGen       total 684032K, used 546251K [0x0000000080000000, 0x00000000a9c00000, 0x00000000d5580000)
  object space 684032K, 79% used [0x0000000080000000,0x00000000a1572c58,0x00000000a9c00000)
 Metaspace       used 86017K, committed 87744K, reserved 1179648K
  class space    used 8901K, committed 9728K, reserved 1048576K
}
Event: 927.722 GC heap after
{Heap after GC invocations=1635 (full 4):
 PSYoungGen      total 8704K, used 320K [0x00000000d5580000, 0x00000000d6000000, 0x0000000100000000)
  eden space 7168K, 0% used [0x00000000d5580000,0x00000000d5580000,0x00000000d5c80000)
  from space 1536K, 20% used [0x00000000d5c80000,0x00000000d5cd0000,0x00000000d5e00000)
  to   space 1024K, 0% used [0x00000000d5f00000,0x00000000d5f00000,0x00000000d6000000)
 ParOldGen       total 684032K, used 546843K [0x0000000080000000, 0x00000000a9c00000, 0x00000000d5580000)
  object space 684032K, 79% used [0x0000000080000000,0x00000000a1606c58,0x00000000a9c00000)
 Metaspace       used 86017K, committed 87744K, reserved 1179648K
  class space    used 8901K, committed 9728K, reserved 1048576K
}
Event: 927.733 GC heap before
{Heap before GC invocations=1636 (full 4):
 PSYoungGen      total 8704K, used 7240K [0x00000000d5580000, 0x00000000d6000000, 0x0000000100000000)
  eden space 7168K, 96% used [0x00000000d5580000,0x00000000d5c422a0,0x00000000d5c80000)
  from space 1536K, 20% used [0x00000000d5c80000,0x00000000d5cd0000,0x00000000d5e00000)
  to   space 1024K, 0% used [0x00000000d5f00000,0x00000000d5f00000,0x00000000d6000000)
 ParOldGen       total 684032K, used 546843K [0x0000000080000000, 0x00000000a9c00000, 0x00000000d5580000)
  object space 684032K, 79% used [0x0000000080000000,0x00000000a1606c58,0x00000000a9c00000)
 Metaspace       used 86018K, committed 87744K, reserved 1179648K
  class space    used 8901K, committed 9728K, reserved 1048576K
}
Event: 927.734 GC heap after
{Heap after GC invocations=1636 (full 4):
 PSYoungGen      total 9216K, used 320K [0x00000000d5580000, 0x00000000d5f80000, 0x0000000100000000)
  eden space 8704K, 0% used [0x00000000d5580000,0x00000000d5580000,0x00000000d5e00000)
  from space 512K, 62% used [0x00000000d5f00000,0x00000000d5f50000,0x00000000d5f80000)
  to   space 512K, 0% used [0x00000000d5e80000,0x00000000d5e80000,0x00000000d5f00000)
 ParOldGen       total 684032K, used 546843K [0x0000000080000000, 0x00000000a9c00000, 0x00000000d5580000)
  object space 684032K, 79% used [0x0000000080000000,0x00000000a1606c58,0x00000000a9c00000)
 Metaspace       used 86018K, committed 87744K, reserved 1179648K
  class space    used 8901K, committed 9728K, reserved 1048576K
}
Event: 927.744 GC heap before
{Heap before GC invocations=1637 (full 4):
 PSYoungGen      total 9216K, used 9021K [0x00000000d5580000, 0x00000000d5f80000, 0x0000000100000000)
  eden space 8704K, 99% used [0x00000000d5580000,0x00000000d5dff420,0x00000000d5e00000)
  from space 512K, 62% used [0x00000000d5f00000,0x00000000d5f50000,0x00000000d5f80000)
  to   space 512K, 0% used [0x00000000d5e80000,0x00000000d5e80000,0x00000000d5f00000)
 ParOldGen       total 684032K, used 546843K [0x0000000080000000, 0x00000000a9c00000, 0x00000000d5580000)
  object space 684032K, 79% used [0x0000000080000000,0x00000000a1606c58,0x00000000a9c00000)
 Metaspace       used 86018K, committed 87744K, reserved 1179648K
  class space    used 8901K, committed 9728K, reserved 1048576K
}
Event: 927.748 GC heap after
{Heap after GC invocations=1637 (full 4):
 PSYoungGen      total 9728K, used 504K [0x00000000d5580000, 0x00000000d6500000, 0x0000000100000000)
  eden space 9216K, 0% used [0x00000000d5580000,0x00000000d5580000,0x00000000d5e80000)
  from space 512K, 98% used [0x00000000d5e80000,0x00000000d5efe0d8,0x00000000d5f00000)
  to   space 2560K, 0% used [0x00000000d6280000,0x00000000d6280000,0x00000000d6500000)
 ParOldGen       total 684032K, used 548417K [0x0000000080000000, 0x00000000a9c00000, 0x00000000d5580000)
  object space 684032K, 80% used [0x0000000080000000,0x00000000a1790500,0x00000000a9c00000)
 Metaspace       used 86018K, committed 87744K, reserved 1179648K
  class space    used 8901K, committed 9728K, reserved 1048576K
}
Event: 72515.445 GC heap before
{Heap before GC invocations=1638 (full 4):
 PSYoungGen      total 9728K, used 9720K [0x00000000d5580000, 0x00000000d6500000, 0x0000000100000000)
  eden space 9216K, 100% used [0x00000000d5580000,0x00000000d5e80000,0x00000000d5e80000)
  from space 512K, 98% used [0x00000000d5e80000,0x00000000d5efe0d8,0x00000000d5f00000)
  to   space 2560K, 0% used [0x00000000d6280000,0x00000000d6280000,0x00000000d6500000)
 ParOldGen       total 684032K, used 548417K [0x0000000080000000, 0x00000000a9c00000, 0x00000000d5580000)
  object space 684032K, 80% used [0x0000000080000000,0x00000000a1790500,0x00000000a9c00000)
 Metaspace       used 86035K, committed 87808K, reserved 1179648K
  class space    used 8901K, committed 9728K, reserved 1048576K
}
Event: 72515.574 GC heap after
{Heap after GC invocations=1638 (full 4):
 PSYoungGen      total 10240K, used 768K [0x00000000d5580000, 0x00000000d6380000, 0x0000000100000000)
  eden space 9216K, 0% used [0x00000000d5580000,0x00000000d5580000,0x00000000d5e80000)
  from space 1024K, 75% used [0x00000000d6280000,0x00000000d6340000,0x00000000d6380000)
  to   space 1536K, 0% used [0x00000000d6080000,0x00000000d6080000,0x00000000d6200000)
 ParOldGen       total 684032K, used 548513K [0x0000000080000000, 0x00000000a9c00000, 0x00000000d5580000)
  object space 684032K, 80% used [0x0000000080000000,0x00000000a17a8500,0x00000000a9c00000)
 Metaspace       used 86035K, committed 87808K, reserved 1179648K
  class space    used 8901K, committed 9728K, reserved 1048576K
}

