# JRE version: OpenJDK Runtime Environment Temurin-21.0.10+7 (21.0.10+7) (build 21.0.10+7-LTS)
# Java VM: OpenJDK 64-Bit Server VM Temurin-21.0.10+7 (21.0.10+7-LTS, mixed mode, sharing, tiered, compressed oops, compressed class ptrs, parallel gc, windows-amd64)
GC Precious Log:
 CardTable entry size: 512
 CPUs: 12 total, 12 available
 Memory: 7542M
 Large Page Support: Disabled
 NUMA Support: Disabled
 Compressed Oops: Enabled (32-bit)
 Alignments: Space 512K, Generation 512K, Heap 2M
 Heap Min Capacity: 100M
 Heap Initial Capacity: 100M
 Heap Max Capacity: 2G
 Pre-touch: Disabled
 Parallel Workers: 10
Heap:
 PSYoungGen      total 22528K, used 5168K [0x00000000d5580000, 0x00000000d7280000, 0x0000000100000000)
  eden space 20480K, 15% used [0x00000000d5580000,0x00000000d588c2d0,0x00000000d6980000)
  from space 2048K, 100% used [0x00000000d6a80000,0x00000000d6c80000,0x00000000d6c80000)
  to   space 4608K, 0% used [0x00000000d6e00000,0x00000000d6e00000,0x00000000d7280000)
 ParOldGen       total 68608K, used 39950K [0x0000000080000000, 0x0000000084300000, 0x00000000d5580000)
  object space 68608K, 58% used [0x0000000080000000,0x0000000082703840,0x0000000084300000)
 Metaspace       used 50511K, committed 51776K, reserved 1114112K
  class space    used 5515K, committed 6080K, reserved 1048576K
GC Heap History (20 events):
Event: 16.436 GC heap before
{Heap before GC invocations=18 (full 2):
 PSYoungGen      total 24064K, used 23552K [0x00000000d5580000, 0x00000000d7100000, 0x0000000100000000)
  eden space 22016K, 100% used [0x00000000d5580000,0x00000000d6b00000,0x00000000d6b00000)
  from space 2048K, 75% used [0x00000000d6d00000,0x00000000d6e80010,0x00000000d6f00000)
  to   space 2048K, 0% used [0x00000000d6f00000,0x00000000d6f00000,0x00000000d7100000)
 ParOldGen       total 68608K, used 24513K [0x0000000080000000, 0x0000000084300000, 0x00000000d5580000)
  object space 68608K, 35% used [0x0000000080000000,0x00000000817f0420,0x0000000084300000)
 Metaspace       used 40580K, committed 41792K, reserved 1114112K
  class space    used 4298K, committed 4864K, reserved 1048576K
}
Event: 16.439 GC heap after
{Heap after GC invocations=18 (full 2):
 PSYoungGen      total 24064K, used 2012K [0x00000000d5580000, 0x00000000d7100000, 0x0000000100000000)
  eden space 22016K, 0% used [0x00000000d5580000,0x00000000d5580000,0x00000000d6b00000)
  from space 2048K, 98% used [0x00000000d6f00000,0x00000000d70f7338,0x00000000d7100000)
  to   space 2560K, 0% used [0x00000000d6c00000,0x00000000d6c00000,0x00000000d6e80000)
 ParOldGen       total 68608K, used 25873K [0x0000000080000000, 0x0000000084300000, 0x00000000d5580000)
  object space 68608K, 37% used [0x0000000080000000,0x0000000081944430,0x0000000084300000)
 Metaspace       used 40580K, committed 41792K, reserved 1114112K
  class space    used 4298K, committed 4864K, reserved 1048576K
}
Event: 16.554 GC heap before
{Heap before GC invocations=19 (full 2):
 PSYoungGen      total 24064K, used 24028K [0x00000000d5580000, 0x00000000d7100000, 0x0000000100000000)
  eden space 22016K, 100% used [0x00000000d5580000,0x00000000d6b00000,0x00000000d6b00000)
  from space 2048K, 98% used [0x00000000d6f00000,0x00000000d70f7338,0x00000000d7100000)
  to   space 2560K, 0% used [0x00000000d6c00000,0x00000000d6c00000,0x00000000d6e80000)
 ParOldGen       total 68608K, used 25873K [0x0000000080000000, 0x0000000084300000, 0x00000000d5580000)
  object space 68608K, 37% used [0x0000000080000000,0x0000000081944430,0x0000000084300000)
 Metaspace       used 42459K, committed 43712K, reserved 1114112K
  class space    used 4558K, committed 5120K, reserved 1048576K
}
Event: 16.557 GC heap after
{Heap after GC invocations=19 (full 2):
 PSYoungGen      total 23552K, used 1366K [0x00000000d5580000, 0x00000000d6f80000, 0x0000000100000000)
  eden space 22016K, 0% used [0x00000000d5580000,0x00000000d5580000,0x00000000d6b00000)
  from space 1536K, 88% used [0x00000000d6c00000,0x00000000d6d55920,0x00000000d6d80000)
  to   space 2048K, 0% used [0x00000000d6d80000,0x00000000d6d80000,0x00000000d6f80000)
 ParOldGen       total 68608K, used 27580K [0x0000000080000000, 0x0000000084300000, 0x00000000d5580000)
  object space 68608K, 40% used [0x0000000080000000,0x0000000081aef318,0x0000000084300000)
 Metaspace       used 42459K, committed 43712K, reserved 1114112K
  class space    used 4558K, committed 5120K, reserved 1048576K
}
Event: 16.629 GC heap before
{Heap before GC invocations=20 (full 2):
 PSYoungGen      total 23552K, used 23382K [0x00000000d5580000, 0x00000000d6f80000, 0x0000000100000000)
  eden space 22016K, 100% used [0x00000000d5580000,0x00000000d6b00000,0x00000000d6b00000)
  from space 1536K, 88% used [0x00000000d6c00000,0x00000000d6d55920,0x00000000d6d80000)
  to   space 2048K, 0% used [0x00000000d6d80000,0x00000000d6d80000,0x00000000d6f80000)
 ParOldGen       total 68608K, used 27580K [0x0000000080000000, 0x0000000084300000, 0x00000000d5580000)
  object space 68608K, 40% used [0x0000000080000000,0x0000000081aef318,0x0000000084300000)
 Metaspace       used 43287K, committed 44480K, reserved 1114112K
  class space    used 4663K, committed 5184K, reserved 1048576K
}
Event: 16.631 GC heap after
{Heap after GC invocations=20 (full 2):
 PSYoungGen      total 24064K, used 1856K [0x00000000d5580000, 0x00000000d6f80000, 0x0000000100000000)
  eden space 22016K, 0% used [0x00000000d5580000,0x00000000d5580000,0x00000000d6b00000)
  from space 2048K, 90% used [0x00000000d6d80000,0x00000000d6f50010,0x00000000d6f80000)
  to   space 2048K, 0% used [0x00000000d6b80000,0x00000000d6b80000,0x00000000d6d80000)
 ParOldGen       total 68608K, used 28697K [0x0000000080000000, 0x0000000084300000, 0x00000000d5580000)
  object space 68608K, 41% used [0x0000000080000000,0x0000000081c067b8,0x0000000084300000)
 Metaspace       used 43287K, committed 44480K, reserved 1114112K
  class space    used 4663K, committed 5184K, reserved 1048576K
}
Event: 16.738 GC heap before
{Heap before GC invocations=21 (full 2):
 PSYoungGen      total 24064K, used 23872K [0x00000000d5580000, 0x00000000d6f80000, 0x0000000100000000)
  eden space 22016K, 100% used [0x00000000d5580000,0x00000000d6b00000,0x00000000d6b00000)
  from space 2048K, 90% used [0x00000000d6d80000,0x00000000d6f50010,0x00000000d6f80000)
  to   space 2048K, 0% used [0x00000000d6b80000,0x00000000d6b80000,0x00000000d6d80000)
 ParOldGen       total 68608K, used 28697K [0x0000000080000000, 0x0000000084300000, 0x00000000d5580000)
  object space 68608K, 41% used [0x0000000080000000,0x0000000081c067b8,0x0000000084300000)
 Metaspace       used 43845K, committed 44992K, reserved 1114112K
  class space    used 4729K, committed 5248K, reserved 1048576K
}
Event: 16.741 GC heap after
{Heap after GC invocations=21 (full 2):
 PSYoungGen      total 24064K, used 1856K [0x00000000d5580000, 0x00000000d6f00000, 0x0000000100000000)
  eden space 22016K, 0% used [0x00000000d5580000,0x00000000d5580000,0x00000000d6b00000)
  from space 2048K, 90% used [0x00000000d6b80000,0x00000000d6d50000,0x00000000d6d80000)
  to   space 1536K, 0% used [0x00000000d6d80000,0x00000000d6d80000,0x00000000d6f00000)
 ParOldGen       total 68608K, used 30385K [0x0000000080000000, 0x0000000084300000, 0x00000000d5580000)
  object space 68608K, 44% used [0x0000000080000000,0x0000000081dac7c8,0x0000000084300000)
 Metaspace       used 43845K, committed 44992K, reserved 1114112K
  class space    used 4729K, committed 5248K, reserved 1048576K
}
Event: 16.822 GC heap before
{Heap before GC invocations=22 (full 2):
 PSYoungGen      total 24064K, used 23872K [0x00000000d5580000, 0x00000000d6f00000, 0x0000000100000000)
  eden space 22016K, 100% used [0x00000000d5580000,0x00000000d6b00000,0x00000000d6b00000)
  from space 2048K, 90% used [0x00000000d6b80000,0x00000000d6d50000,0x00000000d6d80000)
  to   space 1536K, 0% used [0x00000000d6d80000,0x00000000d6d80000,0x00000000d6f00000)
 ParOldGen       total 68608K, used 30385K [0x0000000080000000, 0x0000000084300000, 0x00000000d5580000)
  object space 68608K, 44% used [0x0000000080000000,0x0000000081dac7c8,0x0000000084300000)
 Metaspace       used 44521K, committed 45760K, reserved 1114112K
  class space    used 4803K, committed 5376K, reserved 1048576K
}
Event: 16.826 GC heap after
{Heap after GC invocations=22 (full 2):
 PSYoungGen      total 22016K, used 1508K [0x00000000d5580000, 0x00000000d7300000, 0x0000000100000000)
  eden space 20480K, 0% used [0x00000000d5580000,0x00000000d5580000,0x00000000d6980000)
  from space 1536K, 98% used [0x00000000d6d80000,0x00000000d6ef9000,0x00000000d6f00000)
  to   space 4096K, 0% used [0x00000000d6980000,0x00000000d6980000,0x00000000d6d80000)
 ParOldGen       total 68608K, used 32380K [0x0000000080000000, 0x0000000084300000, 0x00000000d5580000)
  object space 68608K, 47% used [0x0000000080000000,0x0000000081f9f290,0x0000000084300000)
 Metaspace       used 44521K, committed 45760K, reserved 1114112K
  class space    used 4803K, committed 5376K, reserved 1048576K
}
Event: 16.922 GC heap before
{Heap before GC invocations=23 (full 2):
 PSYoungGen      total 22016K, used 21988K [0x00000000d5580000, 0x00000000d7300000, 0x0000000100000000)
  eden space 20480K, 100% used [0x00000000d5580000,0x00000000d6980000,0x00000000d6980000)
  from space 1536K, 98% used [0x00000000d6d80000,0x00000000d6ef9000,0x00000000d6f00000)
  to   space 4096K, 0% used [0x00000000d6980000,0x00000000d6980000,0x00000000d6d80000)
 ParOldGen       total 68608K, used 32380K [0x0000000080000000, 0x0000000084300000, 0x00000000d5580000)
  object space 68608K, 47% used [0x0000000080000000,0x0000000081f9f290,0x0000000084300000)
 Metaspace       used 45261K, committed 46464K, reserved 1114112K
  class space    used 4901K, committed 5440K, reserved 1048576K
}
Event: 16.925 GC heap after
{Heap after GC invocations=23 (full 2):
 PSYoungGen      total 24576K, used 4077K [0x00000000d5580000, 0x00000000d7580000, 0x0000000100000000)
  eden space 20480K, 0% used [0x00000000d5580000,0x00000000d5580000,0x00000000d6980000)
  from space 4096K, 99% used [0x00000000d6980000,0x00000000d6d7b5b0,0x00000000d6d80000)
  to   space 6144K, 0% used [0x00000000d6f80000,0x00000000d6f80000,0x00000000d7580000)
 ParOldGen       total 68608K, used 33896K [0x0000000080000000, 0x0000000084300000, 0x00000000d5580000)
  object space 68608K, 49% used [0x0000000080000000,0x000000008211a290,0x0000000084300000)
 Metaspace       used 45261K, committed 46464K, reserved 1114112K
  class space    used 4901K, committed 5440K, reserved 1048576K
}
Event: 17.029 GC heap before
{Heap before GC invocations=24 (full 2):
 PSYoungGen      total 24576K, used 24557K [0x00000000d5580000, 0x00000000d7580000, 0x0000000100000000)
  eden space 20480K, 100% used [0x00000000d5580000,0x00000000d6980000,0x00000000d6980000)
  from space 4096K, 99% used [0x00000000d6980000,0x00000000d6d7b5b0,0x00000000d6d80000)
  to   space 6144K, 0% used [0x00000000d6f80000,0x00000000d6f80000,0x00000000d7580000)
 ParOldGen       total 68608K, used 33896K [0x0000000080000000, 0x0000000084300000, 0x00000000d5580000)
  object space 68608K, 49% used [0x0000000080000000,0x000000008211a290,0x0000000084300000)
 Metaspace       used 46151K, committed 47360K, reserved 1114112K
  class space    used 5024K, committed 5568K, reserved 1048576K
}
Event: 17.032 GC heap after
{Heap after GC invocations=24 (full 2):
 PSYoungGen      total 22528K, used 1664K [0x00000000d5580000, 0x00000000d7180000, 0x0000000100000000)
  eden space 20480K, 0% used [0x00000000d5580000,0x00000000d5580000,0x00000000d6980000)
  from space 2048K, 81% used [0x00000000d6f80000,0x00000000d7120010,0x00000000d7180000)
  to   space 3584K, 0% used [0x00000000d6a80000,0x00000000d6a80000,0x00000000d6e00000)
 ParOldGen       total 68608K, used 35200K [0x0000000080000000, 0x0000000084300000, 0x00000000d5580000)
  object space 68608K, 51% used [0x0000000080000000,0x0000000082260290,0x0000000084300000)
 Metaspace       used 46151K, committed 47360K, reserved 1114112K
  class space    used 5024K, committed 5568K, reserved 1048576K
}
Event: 17.141 GC heap before
{Heap before GC invocations=25 (full 2):
 PSYoungGen      total 22528K, used 22144K [0x00000000d5580000, 0x00000000d7180000, 0x0000000100000000)
  eden space 20480K, 100% used [0x00000000d5580000,0x00000000d6980000,0x00000000d6980000)
  from space 2048K, 81% used [0x00000000d6f80000,0x00000000d7120010,0x00000000d7180000)
  to   space 3584K, 0% used [0x00000000d6a80000,0x00000000d6a80000,0x00000000d6e00000)
 ParOldGen       total 68608K, used 35200K [0x0000000080000000, 0x0000000084300000, 0x00000000d5580000)
  object space 68608K, 51% used [0x0000000080000000,0x0000000082260290,0x0000000084300000)
 Metaspace       used 46805K, committed 48000K, reserved 1114112K
  class space    used 5092K, committed 5632K, reserved 1048576K
}
Event: 17.150 GC heap after
{Heap after GC invocations=25 (full 2):
 PSYoungGen      total 22528K, used 1981K [0x00000000d5580000, 0x00000000d7000000, 0x0000000100000000)
  eden space 20480K, 0% used [0x00000000d5580000,0x00000000d5580000,0x00000000d6980000)
  from space 2048K, 96% used [0x00000000d6a80000,0x00000000d6c6f590,0x00000000d6c80000)
  to   space 2560K, 0% used [0x00000000d6d80000,0x00000000d6d80000,0x00000000d7000000)
 ParOldGen       total 68608K, used 36688K [0x0000000080000000, 0x0000000084300000, 0x00000000d5580000)
  object space 68608K, 53% used [0x0000000080000000,0x00000000823d42a0,0x0000000084300000)
 Metaspace       used 46805K, committed 48000K, reserved 1114112K
  class space    used 5092K, committed 5632K, reserved 1048576K
}
Event: 17.245 GC heap before
{Heap before GC invocations=26 (full 2):
 PSYoungGen      total 22528K, used 22461K [0x00000000d5580000, 0x00000000d7000000, 0x0000000100000000)
  eden space 20480K, 100% used [0x00000000d5580000,0x00000000d6980000,0x00000000d6980000)
  from space 2048K, 96% used [0x00000000d6a80000,0x00000000d6c6f590,0x00000000d6c80000)
  to   space 2560K, 0% used [0x00000000d6d80000,0x00000000d6d80000,0x00000000d7000000)
 ParOldGen       total 68608K, used 36688K [0x0000000080000000, 0x0000000084300000, 0x00000000d5580000)
  object space 68608K, 53% used [0x0000000080000000,0x00000000823d42a0,0x0000000084300000)
 Metaspace       used 47734K, committed 48960K, reserved 1114112K
  class space    used 5210K, committed 5760K, reserved 1048576K
}
Event: 17.248 GC heap after
{Heap after GC invocations=26 (full 2):
 PSYoungGen      total 22528K, used 1875K [0x00000000d5580000, 0x00000000d6f80000, 0x0000000100000000)
  eden space 20480K, 0% used [0x00000000d5580000,0x00000000d5580000,0x00000000d6980000)
  from space 2048K, 91% used [0x00000000d6d80000,0x00000000d6f54ff0,0x00000000d6f80000)
  to   space 2048K, 0% used [0x00000000d6a80000,0x00000000d6a80000,0x00000000d6c80000)
 ParOldGen       total 68608K, used 38184K [0x0000000080000000, 0x0000000084300000, 0x00000000d5580000)
  object space 68608K, 55% used [0x0000000080000000,0x000000008254a1d0,0x0000000084300000)
 Metaspace       used 47734K, committed 48960K, reserved 1114112K
  class space    used 5210K, committed 5760K, reserved 1048576K
}
Event: 17.437 GC heap before
{Heap before GC invocations=27 (full 2):
 PSYoungGen      total 22528K, used 22355K [0x00000000d5580000, 0x00000000d6f80000, 0x0000000100000000)
  eden space 20480K, 100% used [0x00000000d5580000,0x00000000d6980000,0x00000000d6980000)
  from space 2048K, 91% used [0x00000000d6d80000,0x00000000d6f54ff0,0x00000000d6f80000)
  to   space 2048K, 0% used [0x00000000d6a80000,0x00000000d6a80000,0x00000000d6c80000)
 ParOldGen       total 68608K, used 38184K [0x0000000080000000, 0x0000000084300000, 0x00000000d5580000)
  object space 68608K, 55% used [0x0000000080000000,0x000000008254a1d0,0x0000000084300000)
 Metaspace       used 50301K, committed 51520K, reserved 1114112K
  class space    used 5488K, committed 6016K, reserved 1048576K
}
Event: 17.440 GC heap after
{Heap after GC invocations=27 (full 2):
 PSYoungGen      total 22528K, used 2048K [0x00000000d5580000, 0x00000000d7280000, 0x0000000100000000)
  eden space 20480K, 0% used [0x00000000d5580000,0x00000000d5580000,0x00000000d6980000)
  from space 2048K, 100% used [0x00000000d6a80000,0x00000000d6c80000,0x00000000d6c80000)
  to   space 4608K, 0% used [0x00000000d6e00000,0x00000000d6e00000,0x00000000d7280000)
 ParOldGen       total 68608K, used 39950K [0x0000000080000000, 0x0000000084300000, 0x00000000d5580000)
  object space 68608K, 58% used [0x0000000080000000,0x0000000082703840,0x0000000084300000)
 Metaspace       used 50301K, committed 51520K, reserved 1114112K
  class space    used 5488K, committed 6016K, reserved 1048576K
}

